0:0:0:0:0:0:0:1 -  -  [05/一月/2016:10:31:52 +0800] "GET /?home HTTP/1.1" 500 270723 
0:0:0:0:0:0:0:1 -  -  [05/一月/2016:10:31:56 +0800] "GET /?home HTTP/1.1" 500 270792 
0:0:0:0:0:0:0:1 -  -  [05/一月/2016:10:31:58 +0800] "GET /internal/error/menu/images/arrow_h.gif HTTP/1.1" 200 48 
0:0:0:0:0:0:0:1 -  -  [05/一月/2016:10:31:59 +0800] "GET /internal/error/menu/images/arrow_h_active.gif HTTP/1.1" 200 48 
0:0:0:0:0:0:0:1 -  -  [05/一月/2016:10:31:58 +0800] "GET /internal/error/menu/images/arrow_v_active.gif HTTP/1.1" 200 374 
0:0:0:0:0:0:0:1 -  -  [05/一月/2016:10:32:00 +0800] "GET /internal/Explorer/styles.css HTTP/1.1" 200 718 
0:0:0:0:0:0:0:1 -  -  [05/一月/2016:10:32:00 +0800] "GET /internal/Explorer HTTP/1.1" 200 271519 
0:0:0:0:0:0:0:1 -  -  [05/一月/2016:10:32:00 +0800] "GET /internal/Explorer/footer/footer.css HTTP/1.1" 200 96 
0:0:0:0:0:0:0:1 -  -  [05/一月/2016:10:32:00 +0800] "GET /internal/Explorer/menu/menu.css HTTP/1.1" 200 1628 
0:0:0:0:0:0:0:1 -  -  [05/一月/2016:10:32:00 +0800] "GET /internal/Explorer/tabs/tabs.css HTTP/1.1" 200 1564 
0:0:0:0:0:0:0:1 -  -  [05/一月/2016:10:32:00 +0800] "GET /internal/Explorer/acl/accessControl.css HTTP/1.1" 200 137 
0:0:0:0:0:0:0:1 -  -  [05/一月/2016:10:32:01 +0800] "GET /internal/Explorer/dom/dom.css HTTP/1.1" 200 1216 
0:0:0:0:0:0:0:1 -  -  [05/一月/2016:10:32:01 +0800] "GET /internal/Explorer/dom/dom.js HTTP/1.1" 200 1869 
0:0:0:0:0:0:0:1 -  -  [05/一月/2016:10:32:01 +0800] "GET /internal/Explorer/explorer.css HTTP/1.1" 200 1917 
0:0:0:0:0:0:0:1 -  -  [05/一月/2016:10:32:01 +0800] "GET /internal/Explorer/scriptaculous.js HTTP/1.1" 200 2931 
0:0:0:0:0:0:0:1 -  -  [05/一月/2016:10:32:01 +0800] "GET /internal/Explorer/explorer.js HTTP/1.1" 200 2861 
0:0:0:0:0:0:0:1 -  -  [05/一月/2016:10:32:01 +0800] "GET /internal/Explorer/prototype.js HTTP/1.1" 200 163313 
0:0:0:0:0:0:0:1 -  -  [05/一月/2016:10:32:02 +0800] "GET /internal/Explorer/menu/images/home1.gif HTTP/1.1" 200 972 
0:0:0:0:0:0:0:1 -  -  [05/一月/2016:10:32:02 +0800] "GET /internal/Explorer/menu/images/home2.gif HTTP/1.1" 200 977 
0:0:0:0:0:0:0:1 -  -  [05/一月/2016:10:32:02 +0800] "GET /internal/Explorer/dom/images/open.png HTTP/1.1" 200 970 
0:0:0:0:0:0:0:1 -  -  [05/一月/2016:10:32:02 +0800] "GET /internal/Explorer/builder.js HTTP/1.1" 200 4744 
0:0:0:0:0:0:0:1 -  -  [05/一月/2016:10:32:02 +0800] "GET /internal/Explorer/dragdrop.js HTTP/1.1" 200 31066 
0:0:0:0:0:0:0:1 -  -  [05/一月/2016:10:32:02 +0800] "GET /internal/Explorer/effects.js HTTP/1.1" 200 38471 
0:0:0:0:0:0:0:1 -  -  [05/一月/2016:10:32:02 +0800] "GET /internal/Explorer/controls.js HTTP/1.1" 200 34787 
0:0:0:0:0:0:0:1 -  -  [05/一月/2016:10:32:02 +0800] "GET /internal/Explorer/slider.js HTTP/1.1" 200 10162 
0:0:0:0:0:0:0:1 -  -  [05/一月/2016:10:32:02 +0800] "GET /internal/Explorer/sound.js HTTP/1.1" 200 2456 
0:0:0:0:0:0:0:1 -  -  [05/一月/2016:10:32:02 +0800] "GET /internal/Explorer/menu/images/arrow_v.gif HTTP/1.1" 200 48 
0:0:0:0:0:0:0:1 -  -  [05/一月/2016:10:32:02 +0800] "GET /internal/Explorer/tabs/images/arrow_tab.gif HTTP/1.1" 200 1343 
0:0:0:0:0:0:0:1 -  -  [05/一月/2016:10:32:02 +0800] "GET /internal/Explorer/footer/images/webx3.gif HTTP/1.1" 200 10168 
0:0:0:0:0:0:0:1 -  -  [05/一月/2016:10:32:03 +0800] "GET /internal/ HTTP/1.1" 200 8480 
